#
# There is insufficient memory for the Java Runtime Environment to continue.
# Native memory allocation (mmap) failed to map 132120576 bytes for Failed to commit area from 0x0000000082c00000 to 0x000000008aa00000 of length 132120576.
# Possible reasons:
#   The system is out of physical RAM or swap space
#   The process is running with CompressedOops enabled, and the Java Heap may be blocking the growth of the native heap
# Possible solutions:
#   Reduce memory load on the system
#   Increase physical memory or swap space
#   Check if swap backing store is full
#   Decrease Java heap size (-Xmx/-Xms)
#   Decrease number of Java threads
#   Decrease Java thread stack sizes (-Xss)
#   Set larger code cache with -XX:ReservedCodeCacheSize=
# This output file may be truncated or incomplete.
#
#  Out of Memory Error (./src/hotspot/os/windows/os_windows.cpp:3521), pid=23860, tid=22040
#
# JRE version:  (11.0.12+7) (build )
# Java VM: OpenJDK 64-Bit Server VM (11.0.12+7-b1504.28-7817840, mixed mode, sharing, tiered, compressed oops, g1 gc, windows-amd64)
# No core dump will be written. Minidumps are not enabled by default on client versions of Windows
#

---------------  S U M M A R Y ------------

Command Line: git4idea.http.GitAskPassApp Username for 'https://github.com': 

Host: Intel(R) Core(TM) i5-8265U CPU @ 1.60GHz, 8 cores, 7G,  Windows 10 , 64 bit Build 19041 (10.0.19041.1706)
Time: Thu May 19 17:46:32 2022 Центральная Азия (зима) elapsed time: 0.013335 seconds (0d 0h 0m 0s)

---------------  T H R E A D  ---------------

Current thread (0x00000241cfcde000):  JavaThread "Unknown thread" [_thread_in_vm, id=22040, stack(0x0000007173a00000,0x0000007173b00000)]

Stack: [0x0000007173a00000,0x0000007173b00000]
Native frames: (J=compiled Java code, j=interpreted, Vv=VM code, C=native code)
V  [jvm.dll+0x5fbcea]
V  [jvm.dll+0x731905]
V  [jvm.dll+0x732f1d]
V  [jvm.dll+0x7335d3]
V  [jvm.dll+0x247bf8]
V  [jvm.dll+0x5f90b4]
V  [jvm.dll+0x5edc85]
V  [jvm.dll+0x305aeb]
V  [jvm.dll+0x305a5a]
V  [jvm.dll+0x305932]
V  [jvm.dll+0x30a896]
V  [jvm.dll+0x353803]
V  [jvm.dll+0x353f06]
V  [jvm.dll+0x353903]
V  [jvm.dll+0x2e0678]
V  [jvm.dll+0x2e1827]
V  [jvm.dll+0x710037]
V  [jvm.dll+0x71182c]
V  [jvm.dll+0x360da9]
V  [jvm.dll+0x6f390e]
V  [jvm.dll+0x3c9723]
V  [jvm.dll+0x3cb9b1]
C  [jli.dll+0x536b]
C  [ucrtbase.dll+0x21bb2]
C  [KERNEL32.DLL+0x17034]
C  [ntdll.dll+0x52651]


---------------  P R O C E S S  ---------------

Threads class SMR info:
_java_thread_list=0x00000241cdab3430, length=0, elements={
}

Java Threads: ( => current thread )

Other Threads:
  0x00000241cfcf5800 GCTaskThread "GC Thread#0" [stack: 0x0000007173b00000,0x0000007173c00000] [id=19120]
  0x00000241cfd27000 ConcurrentGCThread "G1 Main Marker" [stack: 0x0000007173c00000,0x0000007173d00000] [id=23760]
  0x00000241cfd2a000 ConcurrentGCThread "G1 Conc#0" [stack: 0x0000007173d00000,0x0000007173e00000] [id=17868]

[error occurred during error reporting (printing all threads), id 0xc0000005, EXCEPTION_ACCESS_VIOLATION (0xc0000005) at pc=0x00007ffb370a0be7]

VM state:not at safepoint (not fully initialized)

VM Mutex/Monitor currently owned by a thread:  ([mutex/lock_event])
[0x00000241cfcda770] Heap_lock - owner thread: 0x00000241cfcde000

Heap address: 0x0000000082c00000, size: 2004 MB, Compressed Oops mode: Non-zero based: 0x0000000082c00000
Narrow klass base: 0x0000000000000000, Narrow klass shift: 0

GC Heap History (0 events):
No events

Deoptimization events (0 events):
No events

Classes redefined (0 events):
No events

Internal exceptions (0 events):
No events

Events (1 events):
Event: 0.008 Loaded shared library C:\Program Files\Android\Android Studio\jre\bin\zip.dll


Dynamic libraries:
0x00007ff77b290000 - 0x00007ff77b29a000 	C:\Program Files\Android\Android Studio\jre\bin\java.exe
0x00007ffba2010000 - 0x00007ffba2205000 	C:\WINDOWS\SYSTEM32\ntdll.dll
0x00007ffba1d40000 - 0x00007ffba1dfd000 	C:\WINDOWS\System32\KERNEL32.DLL
0x00007ffb9f8a0000 - 0x00007ffb9fb6d000 	C:\WINDOWS\System32\KERNELBASE.dll
0x00007ffb9fb70000 - 0x00007ffb9fc70000 	C:\WINDOWS\System32\ucrtbase.dll
0x00007ffb97eb0000 - 0x00007ffb97ec7000 	C:\Program Files\Android\Android Studio\jre\bin\VCRUNTIME140.dll
0x00007ffb71240000 - 0x00007ffb71259000 	C:\Program Files\Android\Android Studio\jre\bin\jli.dll
0x00007ffba0730000 - 0x00007ffba08d0000 	C:\WINDOWS\System32\USER32.dll
0x00007ffb9ffb0000 - 0x00007ffb9ffd2000 	C:\WINDOWS\System32\win32u.dll
0x00007ffba0180000 - 0x00007ffba01aa000 	C:\WINDOWS\System32\GDI32.dll
0x00007ffb9fdd0000 - 0x00007ffb9fedb000 	C:\WINDOWS\System32\gdi32full.dll
0x00007ffb86da0000 - 0x00007ffb8703a000 	C:\WINDOWS\WinSxS\amd64_microsoft.windows.common-controls_6595b64144ccf1df_6.0.19041.1110_none_60b5254171f9507e\COMCTL32.dll
0x00007ffb9ff10000 - 0x00007ffb9ffad000 	C:\WINDOWS\System32\msvcp_win.dll
0x00007ffba0690000 - 0x00007ffba072e000 	C:\WINDOWS\System32\msvcrt.dll
0x00007ffba00e0000 - 0x00007ffba0110000 	C:\WINDOWS\System32\IMM32.DLL
0x00007ffb56000000 - 0x00007ffb5609d000 	C:\Program Files\Android\Android Studio\jre\bin\msvcp140.dll
0x00007ffb36db0000 - 0x00007ffb37895000 	C:\Program Files\Android\Android Studio\jre\bin\server\jvm.dll
0x00007ffba13a0000 - 0x00007ffba144e000 	C:\WINDOWS\System32\ADVAPI32.dll
0x00007ffba0b60000 - 0x00007ffba0bfc000 	C:\WINDOWS\System32\sechost.dll
0x00007ffba1e70000 - 0x00007ffba1f95000 	C:\WINDOWS\System32\RPCRT4.dll
0x00007ffba0210000 - 0x00007ffba0218000 	C:\WINDOWS\System32\PSAPI.DLL
0x00007ffb81640000 - 0x00007ffb81667000 	C:\WINDOWS\SYSTEM32\WINMM.dll
0x00007ffb79cc0000 - 0x00007ffb79cc9000 	C:\WINDOWS\SYSTEM32\WSOCK32.dll
0x00007ffb97dd0000 - 0x00007ffb97dda000 	C:\WINDOWS\SYSTEM32\VERSION.dll
0x00007ffba1e00000 - 0x00007ffba1e6b000 	C:\WINDOWS\System32\WS2_32.dll
0x00007ffb9d5f0000 - 0x00007ffb9d602000 	C:\WINDOWS\SYSTEM32\kernel.appcore.dll
0x00007ffb89590000 - 0x00007ffb895a1000 	C:\Program Files\Android\Android Studio\jre\bin\verify.dll
0x00007ffb95f00000 - 0x00007ffb960e4000 	C:\WINDOWS\SYSTEM32\DBGHELP.DLL
0x00007ffb79ac0000 - 0x00007ffb79aec000 	C:\WINDOWS\SYSTEM32\dbgcore.DLL
0x00007ffb9f810000 - 0x00007ffb9f892000 	C:\WINDOWS\System32\bcryptPrimitives.dll
0x00007ffb3e3b0000 - 0x00007ffb3e3d9000 	C:\Program Files\Android\Android Studio\jre\bin\java.dll
0x00007ffb9cf00000 - 0x00007ffb9cf0b000 	C:\Program Files\Android\Android Studio\jre\bin\jimage.dll
0x00007ffb4ba50000 - 0x00007ffb4ba68000 	C:\Program Files\Android\Android Studio\jre\bin\zip.dll

dbghelp: loaded successfully - version: 4.0.5 - missing functions: none
symbol engine: initialized successfully - sym options: 0x614 - pdb path: .;C:\Program Files\Android\Android Studio\jre\bin;C:\WINDOWS\SYSTEM32;C:\WINDOWS\WinSxS\amd64_microsoft.windows.common-controls_6595b64144ccf1df_6.0.19041.1110_none_60b5254171f9507e;C:\Program Files\Android\Android Studio\jre\bin\server

VM Arguments:
java_command: git4idea.http.GitAskPassApp Username for 'https://github.com': 
java_class_path (initial): C:/Program Files/Android/Android Studio/plugins/git4idea/lib/git4idea-rt.jar;C:/Program Files/Android/Android Studio/lib/xmlrpc-2.0.1.jar;C:/Program Files/Android/Android Studio/lib/commons-codec-1.15.jar
Launcher Type: SUN_STANDARD

[Global flags]
     intx CICompilerCount                          = 4                                         {product} {ergonomic}
     uint ConcGCThreads                            = 2                                         {product} {ergonomic}
     uint G1ConcRefinementThreads                  = 8                                         {product} {ergonomic}
   size_t G1HeapRegionSize                         = 1048576                                   {product} {ergonomic}
    uintx GCDrainStackTargetSize                   = 64                                        {product} {ergonomic}
   size_t InitialHeapSize                          = 132120576                                 {product} {ergonomic}
   size_t MarkStackSize                            = 4194304                                   {product} {ergonomic}
   size_t MaxHeapSize                              = 2101346304                                {product} {ergonomic}
   size_t MinHeapDeltaBytes                        = 1048576                                   {product} {ergonomic}
    uintx NonNMethodCodeHeapSize                   = 5836300                                {pd product} {ergonomic}
    uintx NonProfiledCodeHeapSize                  = 122910970                              {pd product} {ergonomic}
    uintx ProfiledCodeHeapSize                     = 122910970                              {pd product} {ergonomic}
    uintx ReservedCodeCacheSize                    = 251658240                              {pd product} {ergonomic}
     bool SegmentedCodeCache                       = true                                      {product} {ergonomic}
     bool UseCompressedClassPointers               = true                                 {lp64_product} {ergonomic}
     bool UseCompressedOops                        = true                                 {lp64_product} {ergonomic}
     bool UseG1GC                                  = true                                      {product} {ergonomic}
     bool UseLargePagesIndividualAllocation        = false                                  {pd product} {ergonomic}

Logging:
Log output configuration:
 #0: stdout all=warning uptime,level,tags
 #1: stderr all=off uptime,level,tags

Environment Variables:
JAVA_HOME=C:\Program Files\Java\jdk-15.0.2
PATH=C:/Program Files/Git/mingw64/libexec/git-core;C:/Program Files/Git/mingw64/libexec/git-core;C:\Program Files\Git\mingw64\bin;C:\Program Files\Git\usr\bin;C:\Users\Student01\bin;C:\Program Files\Common Files\Oracle\Java\javapath;C:\Program Files (x86)\Intel\Intel(R) Management Engine Components\iCLS\;C:\Program Files\Intel\Intel(R) Management Engine Components\iCLS\;C:\windows\system32;C:\windows;C:\windows\System32\Wbem;C:\windows\System32\WindowsPowerShell\v1.0\;C:\windows\System32\OpenSSH\;C:\Program Files (x86)\Intel\Intel(R) Management Engine Components\DAL;C:\Program Files\Intel\Intel(R) Management Engine Components\DAL;C:\Program Files (x86)\NVIDIA Corporation\PhysX\Common;C:\Program Files\Intel\WiFi\bin\;C:\Program Files\Common Files\Intel\WirelessCommon\;C:\WINDOWS\system32;C:\WINDOWS;C:\WINDOWS\System32\Wbem;C:\WINDOWS\System32\WindowsPowerShell\v1.0\;C:\WINDOWS\System32\OpenSSH\;C:\Program Files\PostgreSQL\13\bin;C:\Program Files\wkhtmltopdf\bin;C:\Program Files\Git\cmd;C:\Program Files\CMake\bin;C:\Users\Student01\AppData\Local\Programs\Python\Python39\Scripts;C:\Users\Student01\Documents\flutter\bin;C:\Users\Student01\AppData\Local\Programs\Microsoft VS Code\bin;C:\Program Files\heroku\bin
USERNAME=Student01
DISPLAY=:0.0
LC_ALL=en_US.UTF-8
OS=Windows_NT
PROCESSOR_IDENTIFIER=Intel64 Family 6 Model 142 Stepping 11, GenuineIntel



---------------  S Y S T E M  ---------------

OS: Windows 10 , 64 bit Build 19041 (10.0.19041.1706)
OS uptime: 1 days 0:56 hours

CPU:total 8 (initial active 8) (4 cores per cpu, 2 threads per core) family 6 model 142 stepping 11 microcode 0xae, cmov, cx8, fxsr, mmx, sse, sse2, sse3, ssse3, sse4.1, sse4.2, popcnt, avx, avx2, aes, clmul, erms, 3dnowpref, lzcnt, ht, tsc, tscinvbit, bmi1, bmi2, adx, fma

Memory: 4k page, system-wide physical 8013M (620M free)
TotalPageFile size 18454M (AvailPageFile size 64M)
current process WorkingSet (physical memory assigned to process): 10M, peak: 10M
current process commit charge ("private bytes"): 60M, peak: 185M

vm_info: OpenJDK 64-Bit Server VM (11.0.12+7-b1504.28-7817840) for windows-amd64 JRE (11.0.12+7-b1504.28-7817840), built on Oct 13 2021 22:12:33 by "builder" with MS VC++ 14.0 (VS2015)

END.
